Build started 8.10.2015 г. 17:24:34 ч..
     1>Project "D:\10a klas\Petko Xa\aaa\aaa\aaa.vcxproj" on node 2 (build target(s)).
     1>InitializeBuildStatus:
         Touching "Debug\aaa.unsuccessfulbuild".
       GenerateTargetFrameworkMonikerAttribute:
       Skipping target "GenerateTargetFrameworkMonikerAttribute" because all output files are up-to-date with respect to the input files.
       ClCompile:
         All outputs are up-to-date.
         All outputs are up-to-date.
         All outputs are up-to-date.
       CoreResGen:
         No resources are out of date with respect to their source files. Skipping resource generation.
       ResourceCompile:
         All outputs are up-to-date.
       Link:
         C:\Program Files (x86)\Microsoft Visual Studio 10.0\VC\bin\link.exe /ERRORREPORT:PROMPT /OUT:"D:\10a klas\Petko Xa\aaa\Debug\aaa.exe" /INCREMENTAL:NO /NOLOGO /ASSEMBLYRESOURCE:Debug\aaa.Form1.resources /MANIFEST /ManifestFile:"Debug\aaa.exe.intermediate.manifest" /MANIFESTUAC:"level='asInvoker' uiAccess='false'" /DEBUG /PDB:"D:\10a klas\Petko Xa\aaa\Debug\aaa.pdb" /ASSEMBLYDEBUG /SUBSYSTEM:WINDOWS /TLBID:1 /ENTRY:"main" /DYNAMICBASE /FIXED:NO /NXCOMPAT /MACHINE:X86 Debug\app.res
         Debug\aaa.obj
         Debug\AssemblyInfo.obj
         Debug\stdafx.obj
         "Debug\.NETFramework,Version=v4.0.AssemblyAttributes.obj"
     1>LINK : fatal error LNK1123: failure during conversion to COFF: file invalid or corrupt
     1>Done Building Project "D:\10a klas\Petko Xa\aaa\aaa\aaa.vcxproj" (build target(s)) -- FAILED.

Build FAILED.

Time Elapsed 00:00:00.39
